<?xml version="1.0" encoding="UTF-8"?>
<!-- Generated by org.testng.reporters.JUnitXMLReporter -->
<testsuite hostname="hp-PC" name="TrackX.truelocate Creation Flow" tests="4" failures="1" timestamp="21 Dec 2017 14:01:33 GMT" time="68.208" errors="0">
  <testcase name="userclickflow" time="20.76" classname="com.trackx.truelocate.flow.IMRegionCreateFlow"/>
  <testcase name="regionCreateFlow" time="12.472" classname="com.trackx.truelocate.flow.IMRegionCreateFlow">
    <failure type="java.lang.AssertionError" message="expected [Region added successfully] but found [Name already in use, Please enter Unique Name]">
      <![CDATA[java.lang.AssertionError: expected [Region added successfully] but found [Name already in use, Please enter Unique Name]
	at com.trackx.truelocate.flow.IMRegionCreateFlow.regionCreateFlow(IMRegionCreateFlow.java:88)
... Removed 29 stack frames]]>
    </failure>
  </testcase> <!-- regionCreateFlow -->
  <testcase name="regionUniqueValidationFlow" time="15.025" classname="com.trackx.truelocate.flow.IMRegionCreateFlow"/>
  <testcase name="regionMissingFeildFlow" time="3.538" classname="com.trackx.truelocate.flow.IMRegionCreateFlow"/>
</testsuite> <!-- TrackX.truelocate Creation Flow -->
